app/build/outputs/logs/manifest-merger-debug-report.txt
-- Merging decision tree log ---
manifest
ADDED from src\main\AndroidManifest.xml:2:1-42:12
INJECTED from src\main\AndroidManifest.xml:2:1-42:12
INJECTED from src\main\AndroidManifest.xml:2:1-42:12
INJECTED from src\main\AndroidManifest.xml:2:1-42:12
MERGED from [com.android.support:appcompat-v7:28.0.0] AndroidManifest.xml:17:1-22:12
MERGED from [com.android.support.constraint:constraint-layout:1.1.3] AndroidManifest.xml:2:1-11:12
MERGED from [com.journeyapps:zxing-android-embedded:3.6.0] AndroidManifest.xml:17:1-56:12
MERGED from [com.android.support:support-fragment:28.0.0] AndroidManifest.xml:17:1-22:12
MERGED from [com.android.support:animated-vector-drawable:28.0.0] AndroidManifest.xml:17:1-22:12
MERGED from [com.android.support:support-core-ui:28.0.0] AndroidManifest.xml:17:1-22:12
MERGED from [com.android.support:support-core-utils:28.0.0] AndroidManifest.xml:17:1-22:12
MERGED from [com.android.support:support-vector-drawable:28.0.0] AndroidManifest.xml:17:1-22:12
MERGED from [com.android.support:loader:28.0.0] AndroidManifest.xml:17:1-22:12
MERGED from [com.android.support:viewpager:28.0.0] AndroidManifest.xml:17:1-22:12
MERGED from [com.android.support:coordinatorlayout:28.0.0] AndroidManifest.xml:17:1-22:12
MERGED from [com.android.support:drawerlayout:28.0.0] AndroidManifest.xml:17:1-22:12
MERGED from [com.android.support:slidingpanelayout:28.0.0] AndroidManifest.xml:17:1-22:12
MERGED from [com.android.support:customview:28.0.0] AndroidManifest.xml:17:1-22:12
MERGED from [com.android.support:swiperefreshlayout:28.0.0] AndroidManifest.xml:17:1-22:12
MERGED from [com.android.support:asynclayoutinflater:28.0.0] AndroidManifest.xml:17:1-22:12
MERGED from [com.android.support:support-compat:28.0.0] AndroidManifest.xml:17:1-24:12
MERGED from [com.android.support:versionedparcelable:28.0.0] AndroidManifest.xml:17:1-25:12
MERGED from [com.android.support:cursoradapter:28.0.0] AndroidManifest.xml:17:1-22:12
MERGED from [android.arch.lifecycle:runtime:1.1.1] AndroidManifest.xml:17:1-22:12
MERGED from [com.android.support:documentfile:28.0.0] AndroidManifest.xml:17:1-22:12
MERGED from [com.android.support:localbroadcastmanager:28.0.0] AndroidManifest.xml:17:1-22:12
MERGED from [com.android.support:print:28.0.0] AndroidManifest.xml:17:1-22:12
MERGED from [android.arch.lifecycle:viewmodel:1.1.1] AndroidManifest.xml:17:1-22:12
MERGED from [android.arch.lifecycle:livedata:1.1.1] AndroidManifest.xml:17:1-22:12
MERGED from [android.arch.lifecycle:livedata-core:1.1.1] AndroidManifest.xml:17:1-22:12
MERGED from [android.arch.core:runtime:1.1.1] AndroidManifest.xml:17:1-22:12
MERGED from [com.android.support:interpolator:28.0.0] AndroidManifest.xml:17:1-22:12
INJECTED from src\main\AndroidManifest.xml:2:1-42:12
INJECTED from src\main\AndroidManifest.xml:2:1-42:12
INJECTED from src\main\AndroidManifest.xml:2:1-42:12
	package
		ADDED from src\main\AndroidManifest.xml:4:5-42
		INJECTED from src\main\AndroidManifest.xml
		INJECTED from src\main\AndroidManifest.xml
	android:versionName
		INJECTED from src\main\AndroidManifest.xml
		ADDED from src\main\AndroidManifest.xml:2:1-42:12
		INJECTED from src\main\AndroidManifest.xml
	xmlns:tools
		ADDED from src\main\AndroidManifest.xml:3:5-51
	android:versionCode
		INJECTED from src\main\AndroidManifest.xml
		ADDED from src\main\AndroidManifest.xml:2:1-42:12
		INJECTED from src\main\AndroidManifest.xml
	xmlns:android
		ADDED from src\main\AndroidManifest.xml:2:11-69
uses-permission#android.permission.INTERNET
ADDED from src\main\AndroidManifest.xml:6:5-67
	android:name
		ADDED from src\main\AndroidManifest.xml:6:22-64
uses-permission#android.permission.CAMERA
ADDED from src\main\AndroidManifest.xml:7:5-65
MERGED from [com.journeyapps:zxing-android-embedded:3.6.0] AndroidManifest.xml:22:5-65
MERGED from [com.journeyapps:zxing-android-embedded:3.6.0] AndroidManifest.xml:22:5-65
	android:name
		ADDED from src\main\AndroidManifest.xml:7:22-62
application
ADDED from src\main\AndroidManifest.xml:9:5-40:19
MERGED from [com.android.support.constraint:constraint-layout:1.1.3] AndroidManifest.xml:9:5-20
MERGED from [com.android.support.constraint:constraint-layout:1.1.3] AndroidManifest.xml:9:5-20
MERGED from [com.journeyapps:zxing-android-embedded:3.6.0] AndroidManifest.xml:46:5-54:19
MERGED from [com.journeyapps:zxing-android-embedded:3.6.0] AndroidManifest.xml:46:5-54:19
MERGED from [com.android.support:support-compat:28.0.0] AndroidManifest.xml:22:5-94
MERGED from [com.android.support:support-compat:28.0.0] AndroidManifest.xml:22:5-94
MERGED from [com.android.support:versionedparcelable:28.0.0] AndroidManifest.xml:22:5-23:19
MERGED from [com.android.support:versionedparcelable:28.0.0] AndroidManifest.xml:22:5-23:19
	android:appComponentFactory
		ADDED from [com.android.support:support-compat:28.0.0] AndroidManifest.xml:22:18-91
	android:supportsRtl
		ADDED from src\main\AndroidManifest.xml:14:9-35
	android:label
		ADDED from src\main\AndroidManifest.xml:12:9-41
	android:roundIcon
		ADDED from src\main\AndroidManifest.xml:13:9-54
	android:icon
		ADDED from src\main\AndroidManifest.xml:11:9-43
	android:allowBackup
		ADDED from src\main\AndroidManifest.xml:10:9-35
	android:theme
		ADDED from src\main\AndroidManifest.xml:15:9-40
activity#com.project.mobilelibrarian.RemoveBook
ADDED from src\main\AndroidManifest.xml:16:9-57
	android:name
		ADDED from src\main\AndroidManifest.xml:16:19-45
activity#com.project.mobilelibrarian.AddBook
ADDED from src\main\AndroidManifest.xml:17:9-45
	android:name
		ADDED from src\main\AndroidManifest.xml:17:19-42
activity#com.project.mobilelibrarian.OrderDetails
ADDED from src\main\AndroidManifest.xml:18:9-50
	android:name
		ADDED from src\main\AndroidManifest.xml:18:19-47
activity#com.project.mobilelibrarian.BookCatalog
ADDED from src\main\AndroidManifest.xml:19:9-49
	android:name
		ADDED from src\main\AndroidManifest.xml:19:19-46
activity#com.project.mobilelibrarian.CheckinResult
ADDED from src\main\AndroidManifest.xml:20:9-51
	android:name
		ADDED from src\main\AndroidManifest.xml:20:19-48
activity#com.project.mobilelibrarian.CheckoutResult
ADDED from src\main\AndroidManifest.xml:21:9-52
	android:name
		ADDED from src\main\AndroidManifest.xml:21:19-49
activity#com.project.mobilelibrarian.MainActivity
ADDED from src\main\AndroidManifest.xml:22:9-28:20
	android:name
		ADDED from src\main\AndroidManifest.xml:22:19-47
intent-filter#action:name:android.intent.action.MAIN+category:name:android.intent.category.DEFAULT
ADDED from src\main\AndroidManifest.xml:23:13-27:29
action#android.intent.action.MAIN
ADDED from src\main\AndroidManifest.xml:24:17-69
	android:name
		ADDED from src\main\AndroidManifest.xml:24:25-66
category#android.intent.category.DEFAULT
ADDED from src\main\AndroidManifest.xml:26:17-76
	android:name
		ADDED from src\main\AndroidManifest.xml:26:27-73
activity#com.project.mobilelibrarian.Splashscreen
ADDED from src\main\AndroidManifest.xml:29:9-35:20
	android:name
		ADDED from src\main\AndroidManifest.xml:29:19-47
intent-filter#action:name:android.intent.action.MAIN+category:name:android.intent.category.LAUNCHER
ADDED from src\main\AndroidManifest.xml:30:13-34:29
category#android.intent.category.LAUNCHER
ADDED from src\main\AndroidManifest.xml:33:17-77
	android:name
		ADDED from src\main\AndroidManifest.xml:33:27-74
activity#com.journeyapps.barcodescanner.CaptureActivity
ADDED from src\main\AndroidManifest.xml:36:9-39:49
MERGED from [com.journeyapps:zxing-android-embedded:3.6.0] AndroidManifest.xml:47:9-53:63
MERGED from [com.journeyapps:zxing-android-embedded:3.6.0] AndroidManifest.xml:47:9-53:63
	android:clearTaskOnLaunch
		ADDED from [com.journeyapps:zxing-android-embedded:3.6.0] AndroidManifest.xml:49:13-45
	android:screenOrientation
		ADDED from src\main\AndroidManifest.xml:38:13-51
		REJECTED from [com.journeyapps:zxing-android-embedded:3.6.0] AndroidManifest.xml:50:13-56
	android:stateNotNeeded
		ADDED from [com.journeyapps:zxing-android-embedded:3.6.0] AndroidManifest.xml:51:13-42
	android:windowSoftInputMode
		ADDED from [com.journeyapps:zxing-android-embedded:3.6.0] AndroidManifest.xml:53:13-60
	android:theme
		ADDED from [com.journeyapps:zxing-android-embedded:3.6.0] AndroidManifest.xml:52:13-54
	tools:replace
		ADDED from src\main\AndroidManifest.xml:39:13-46
	android:name
		ADDED from src\main\AndroidManifest.xml:37:13-74
uses-sdk
INJECTED from src\main\AndroidManifest.xml reason: use-sdk injection requested
INJECTED from src\main\AndroidManifest.xml
INJECTED from src\main\AndroidManifest.xml
MERGED from [com.android.support:appcompat-v7:28.0.0] AndroidManifest.xml:20:5-44
MERGED from [com.android.support:appcompat-v7:28.0.0] AndroidManifest.xml:20:5-44
MERGED from [com.android.support.constraint:constraint-layout:1.1.3] AndroidManifest.xml:5:5-7:41
MERGED from [com.android.support.constraint:constraint-layout:1.1.3] AndroidManifest.xml:5:5-7:41
MERGED from [com.journeyapps:zxing-android-embedded:3.6.0] AndroidManifest.xml:20:5-44
MERGED from [com.journeyapps:zxing-android-embedded:3.6.0] AndroidManifest.xml:20:5-44
MERGED from [com.android.support:support-fragment:28.0.0] AndroidManifest.xml:20:5-44
MERGED from [com.android.support:support-fragment:28.0.0] AndroidManifest.xml:20:5-44
MERGED from [com.android.support:animated-vector-drawable:28.0.0] AndroidManifest.xml:20:5-44
MERGED from [com.android.support:animated-vector-drawable:28.0.0] AndroidManifest.xml:20:5-44
MERGED from [com.android.support:support-core-ui:28.0.0] AndroidManifest.xml:20:5-44
MERGED from [com.android.support:support-core-ui:28.0.0] AndroidManifest.xml:20:5-44
MERGED from [com.android.support:support-core-utils:28.0.0] AndroidManifest.xml:20:5-44
MERGED from [com.android.support:support-core-utils:28.0.0] AndroidManifest.xml:20:5-44
MERGED from [com.android.support:support-vector-drawable:28.0.0] AndroidManifest.xml:20:5-44
MERGED from [com.android.support:support-vector-drawable:28.0.0] AndroidManifest.xml:20:5-44
MERGED from [com.android.support:loader:28.0.0] AndroidManifest.xml:20:5-44
MERGED from [com.android.support:loader:28.0.0] AndroidManifest.xml:20:5-44
MERGED from [com.android.support:viewpager:28.0.0] AndroidManifest.xml:20:5-44
MERGED from [com.android.support:viewpager:28.0.0] AndroidManifest.xml:20:5-44
MERGED from [com.android.support:coordinatorlayout:28.0.0] AndroidManifest.xml:20:5-44
MERGED from [com.android.support:coordinatorlayout:28.0.0] AndroidManifest.xml:20:5-44
MERGED from [com.android.support:drawerlayout:28.0.0] AndroidManifest.xml:20:5-44
MERGED from [com.android.support:drawerlayout:28.0.0] AndroidManifest.xml:20:5-44
MERGED from [com.android.support:slidingpanelayout:28.0.0] AndroidManifest.xml:20:5-44
MERGED from [com.android.support:slidingpanelayout:28.0.0] AndroidManifest.xml:20:5-44
MERGED from [com.android.support:customview:28.0.0] AndroidManifest.xml:20:5-44
MERGED from [com.android.support:customview:28.0.0] AndroidManifest.xml:20:5-44
MERGED from [com.android.support:swiperefreshlayout:28.0.0] AndroidManifest.xml:20:5-44
MERGED from [com.android.support:swiperefreshlayout:28.0.0] AndroidManifest.xml:20:5-44
MERGED from [com.android.support:asynclayoutinflater:28.0.0] AndroidManifest.xml:20:5-44
MERGED from [com.android.support:asynclayoutinflater:28.0.0] AndroidManifest.xml:20:5-44
MERGED from [com.android.support:support-compat:28.0.0] AndroidManifest.xml:20:5-44
MERGED from [com.android.support:support-compat:28.0.0] AndroidManifest.xml:20:5-44
MERGED from [com.android.support:versionedparcelable:28.0.0] AndroidManifest.xml:20:5-44
MERGED from [com.android.support:versionedparcelable:28.0.0] AndroidManifest.xml:20:5-44
MERGED from [com.android.support:cursoradapter:28.0.0] AndroidManifest.xml:20:5-44
MERGED from [com.android.support:cursoradapter:28.0.0] AndroidManifest.xml:20:5-44
MERGED from [android.arch.lifecycle:runtime:1.1.1] AndroidManifest.xml:20:5-44
MERGED from [android.arch.lifecycle:runtime:1.1.1] AndroidManifest.xml:20:5-44
MERGED from [com.android.support:documentfile:28.0.0] AndroidManifest.xml:20:5-44
MERGED from [com.android.support:documentfile:28.0.0] AndroidManifest.xml:20:5-44
MERGED from [com.android.support:localbroadcastmanager:28.0.0] AndroidManifest.xml:20:5-44
MERGED from [com.android.support:localbroadcastmanager:28.0.0] AndroidManifest.xml:20:5-44
MERGED from [com.android.support:print:28.0.0] AndroidManifest.xml:20:5-44
MERGED from [com.android.support:print:28.0.0] AndroidManifest.xml:20:5-44
MERGED from [android.arch.lifecycle:viewmodel:1.1.1] AndroidManifest.xml:20:5-44
MERGED from [android.arch.lifecycle:viewmodel:1.1.1] AndroidManifest.xml:20:5-44
MERGED from [android.arch.lifecycle:livedata:1.1.1] AndroidManifest.xml:20:5-44
MERGED from [android.arch.lifecycle:livedata:1.1.1] AndroidManifest.xml:20:5-44
MERGED from [android.arch.lifecycle:livedata-core:1.1.1] AndroidManifest.xml:20:5-44
MERGED from [android.arch.lifecycle:livedata-core:1.1.1] AndroidManifest.xml:20:5-44
MERGED from [android.arch.core:runtime:1.1.1] AndroidManifest.xml:20:5-44
MERGED from [android.arch.core:runtime:1.1.1] AndroidManifest.xml:20:5-44
MERGED from [com.android.support:interpolator:28.0.0] AndroidManifest.xml:20:5-44
MERGED from [com.android.support:interpolator:28.0.0] AndroidManifest.xml:20:5-44
INJECTED from src\main\AndroidManifest.xml
INJECTED from src\main\AndroidManifest.xml
	android:targetSdkVersion
		INJECTED from src\main\AndroidManifest.xml
		ADDED from src\main\AndroidManifest.xml
		INJECTED from src\main\AndroidManifest.xml
	android:minSdkVersion
		INJECTED from src\main\AndroidManifest.xml
		ADDED from src\main\AndroidManifest.xml
		INJECTED from src\main\AndroidManifest.xml
uses-feature#android.hardware.camera
ADDED from [com.journeyapps:zxing-android-embedded:3.6.0] AndroidManifest.xml:25:5-27:36
	android:required
		ADDED from [com.journeyapps:zxing-android-embedded:3.6.0] AndroidManifest.xml:27:9-33
	android:name
		ADDED from [com.journeyapps:zxing-android-embedded:3.6.0] AndroidManifest.xml:26:9-47
uses-feature#android.hardware.camera.front
ADDED from [com.journeyapps:zxing-android-embedded:3.6.0] AndroidManifest.xml:28:5-30:36
	android:required
		ADDED from [com.journeyapps:zxing-android-embedded:3.6.0] AndroidManifest.xml:30:9-33
	android:name
		ADDED from [com.journeyapps:zxing-android-embedded:3.6.0] AndroidManifest.xml:29:9-53
uses-feature#android.hardware.camera.autofocus
ADDED from [com.journeyapps:zxing-android-embedded:3.6.0] AndroidManifest.xml:33:5-35:36
	android:required
		ADDED from [com.journeyapps:zxing-android-embedded:3.6.0] AndroidManifest.xml:35:9-33
	android:name
		ADDED from [com.journeyapps:zxing-android-embedded:3.6.0] AndroidManifest.xml:34:9-57
uses-feature#android.hardware.camera.flash
ADDED from [com.journeyapps:zxing-android-embedded:3.6.0] AndroidManifest.xml:36:5-38:36
	android:required
		ADDED from [com.journeyapps:zxing-android-embedded:3.6.0] AndroidManifest.xml:38:9-33
	android:name
		ADDED from [com.journeyapps:zxing-android-embedded:3.6.0] AndroidManifest.xml:37:9-53
uses-feature#android.hardware.screen.landscape
ADDED from [com.journeyapps:zxing-android-embedded:3.6.0] AndroidManifest.xml:39:5-41:36
	android:required
		ADDED from [com.journeyapps:zxing-android-embedded:3.6.0] AndroidManifest.xml:41:9-33
	android:name
		ADDED from [com.journeyapps:zxing-android-embedded:3.6.0] AndroidManifest.xml:40:9-57
uses-feature#android.hardware.wifi
ADDED from [com.journeyapps:zxing-android-embedded:3.6.0] AndroidManifest.xml:42:5-44:36
	android:required
		ADDED from [com.journeyapps:zxing-android-embedded:3.6.0] AndroidManifest.xml:44:9-33
	android:name
		ADDED from [com.journeyapps:zxing-android-embedded:3.6.0] AndroidManifest.xml:43:9-45